CATEGORY
--------
'All'
'Apparel'
'Appliances'
'ArtsAndCrafts'
'Automotive'
'Baby'
'Beauty'
'Blended'
'Books'
'Classical'
'Collectibles'
'DVD'
'DigitalMusic'
'Electronics'
'GiftCards'
'GourmetFood'
'Grocery'
'HealthPersonalCare'
'HomeGarden'
'Industrial'
'Jewelry'
'KindleStore'
'Kitchen'
'LawnAndGarden'
'Marketplace'
'MP3Downloads'
'Magazines'
'Miscellaneous'
'Music'
'MusicTracks'
'MusicalInstruments'
'MobileApps'
'OfficeProducts'
'OutdoorLiving'
'PCHardware'
'PetSupplies'
'Photo'
'Shoes'
'Software'
'SportingGoods'
'Tools'
'Toys'
'UnboxVideo'
'VHS'
'Video'
'VideoGames'
'Watches'
'Wireless'
'WirelessAccessories'



RESPONSE_GROUP
--------------
'Request'
'ItemIds'
'Small'
'Medium'
'Large'
'Offers'
'OfferFull'
'OfferSummary'
'OfferListings'
'PromotionSummary'
'PromotionDetails'
'VariationMinimum'
'VariationSummary'
'VariationMatrix'
'VariationOffers'
'Variations'
'TagsSummary'
'Tags'
'ItemAttributes'
'MerchantItemAttributes'
'Tracks'
'Accessories'
'EditorialReview'
'SalesRank'
'BrowseNodes'
'Images'
'Similarities'
'Subjects'
'Reviews'
'ListmaniaLists'
'SearchInside'
'PromotionalTag'
'SearchBins'
'AlternateVersions'
'Collections'
'RelatedItems'
'ShippingCharges'
'ShippingOptions'