Array
(
    [0] => Categories
    [1] => Art and antiques
    [2] => Antiques
    [3] => Art
    [4] => Fine Art Prints
    [5] => posters
    [6] => Automotive
    [7] => Automotive Bikes
    [8] => Automotive Boats
    [9] => Car and motor accessories
    [10] => Car insurance
    [11] => Motorcycles
    [12] => New cars
    [13] => Used cars
    [14] => Audi
    [15] => BMW
    [16] => Citroen
    [17] => Fiat
    [18] => Ford
    [19] => Honda
    [20] => Hyundai
    [21] => Jaguar
    [22] => Kia
    [23] => Mazda
    [24] => Mercedes
    [25] => Mini
    [26] => Mitsubishi
    [27] => Nissan
    [28] => Peugeot
    [29] => Renault
    [30] => Saab
    [31] => Seat
    [32] => Skoda
    [33] => Suzuki
    [34] => Toyota
    [35] => Vauxhall
    [36] => Volkswagen
    [37] => Volvo
    [38] => Books
    [39] => Art and photography
    [40] => Audio books
    [41] => Bookclubs
    [42] => Books
    [43] => Business and finance
    [44] => Calenders
    [45] => Children
    [46] => Collections
    [47] => Comedy
    [48] => Comics
    [49] => Computers and internet
    [50] => Crime
    [51] => E-Books
    [52] => Eco books
    [53] => Erotic
    [54] => Esotherism
    [55] => Fiction
    [56] => Finance and law
    [57] => Food and drink
    [58] => Geography
    [59] => Health and beauty
    [60] => Hi-tech and web
    [61] => History
    [62] => Hobbies and games
    [63] => Home and garden
    [64] => Human science
    [65] => Languages
    [66] => Linguistics
    [67] => Local council
    [68] => Magazines
    [69] => Male books
    [70] => Mathematics
    [71] => Music
    [72] => Music and entertainment
    [73] => Non profit
    [74] => Novels
    [75] => Pets
    [76] => Philosophy
    [77] => Poetry
    [78] => Politics
    [79] => Psychology
    [80] => Real estate
    [81] => Religon
    [82] => Romance
    [83] => Science and technology
    [84] => Science fiction
    [85] => Sport
    [86] => Story and biography
    [87] => Tax matters
    [88] => Theatre
    [89] => Thriller and fantasy
    [90] => Transport
    [91] => Travel and holiday
    [92] => Women
    [93] => Work
    [94] => Business
    [95] => Recruitment
    [96] => Consoles and toys
    [97] => Collector Items
    [98] => Consoles and accessories
    [99] => Gadgets
    [100] => Play toys
    [101] => Toys
    [102] => Action Figures
    [103] => Baby
    [104] => Board Games
    [105] => Building and construction
    [106] => Creative and hobby
    [107] => Dolls
    [108] => Educational toys
    [109] => Electronic toys
    [110] => Fashion
    [111] => Music and instruments
    [112] => Puzzles
    [113] => Sports and outdoor
    [114] => Vehicles
    [115] => videogames
    [116] => Gameboy
    [117] => Gamecube
    [118] => Nintendo DS
    [119] => PC
    [120] => Playstation
    [121] => Wii
    [122] => Xbox
    [123] => Education
    [124] => College
    [125] => Computer based training
    [126] => E-learning
    [127] => Manuals
    [128] => Electronics
    [129] => Accessories
    [130] => Amplifiers
    [131] => Audio peripherals
    [132] => Audio systems
    [133] => CD players
    [134] => Cables
    [135] => Camcorders
    [136] => Cameras
    [137] => Cassette decks
    [138] => Clock radios
    [139] => DVD players
    [140] => Digital radios
    [141] => GPS
    [142] => Accesories
    [143] => Maps
    [144] => Headphones
    [145] => Home cinema
    [146] => Memory sticks
    [147] => Minidiscs
    [148] => Mobiles, phones and faxes
    [149] => All in ones
    [150] => Assistive Mobile Phones
    [151] => Assistive Telephones
    [152] => Fax machines
    [153] => Mobiles, phones and faxes
    [154] => Phone accessories
    [155] => Prepayment mobiles
    [156] => Ringtones and logos
    [157] => Erotic Downloads
    [158] => Logos & Wallpapers
    [159] => Animated Logos
    [160] => Animated Screensavers
    [161] => Colour Wallpapers
    [162] => Coloured Logos
    [163] => Logos B&W
    [164] => Mobile Pictures
    [165] => Themes
    [166] => MMS
    [167] => Mobile Games
    [168] => Mobile Software
    [169] => Mobile Videos
    [170] => Ringtones
    [171] => Fun Sounds
    [172] => Mono Ringtones
    [173] => Polyphonic Ringtones
    [174] => Real Music Ringtones
    [175] => Video Ringtones
    [176] => Subscription mobiles
    [177] => Portable music
    [178] => Portable radios
    [179] => Projectors
    [180] => Remote controls
    [181] => Speakers
    [182] => Televisions
    [183] => Tuners
    [184] => VCRs
    [185] => Weather stations
    [186] => Fashion
    [187] => Adult Clothing
    [188] => Baby and toddler clothing
    [189] => Children clothing
    [190] => Boys
    [191] => Girls
    [192] => Clothing accessories
    [193] => Children
    [194] => Men
    [195] => Women
    [196] => Jeans
    [197] => Jewellery
    [198] => Large size clothing
    [199] => Lingerie
    [200] =>  Briefs
    [201] => Basques, Bustiers and corsets
    [202] => Bodies
    [203] => Bras
    [204] => Combination sets
    [205] => Hotpants
    [206] => Nightwear
    [207] => Socks and hosiery
    [208] => Suspenders and garters
    [209] => Thongs and G-stings
    [210] => Men's clothing
    [211] => Outdoor clothing
    [212] => Men
    [213] => Women
    [214] => Perfume
    [215] => Shoes
    [216] => Children shoes
    [217] => Mens shoes
    [218] => Women shoes
    [219] => Socks
    [220] => Sports
    [221] => Swimwear
    [222] => Men
    [223] => Women
    [224] => Women's clothing
    [225] => Maternity
    [226] => Films and Theatre
    [227] => Blu-Ray
    [228] => DVDs
    [229] => Action
    [230] => Adventure
    [231] => Animation
    [232] => Anime and Manga
    [233] => Biography
    [234] => Cartoon
    [235] => Children
    [236] => Classicals
    [237] => Comedy
    [238] => Comic
    [239] => Coming Soon
    [240] => Documentary
    [241] => Drama
    [242] => Erotic
    [243] => Family
    [244] => Fantasy
    [245] => Historical
    [246] => Horror
    [247] => Independent
    [248] => Music
    [249] => Musical
    [250] => Romantic
    [251] => Science Fiction
    [252] => Special Offer
    [253] => Sport
    [254] => Thriller
    [255] => War
    [256] => Western
    [257] => Movie tickets
    [258] => Show Tickets
    [259] => Theatre tickets
    [260] => Videos
    [261] => Action
    [262] => Adventure
    [263] => Anime and Manga
    [264] => Biography
    [265] => Cartoon
    [266] => Comedy
    [267] => Comic
    [268] => Documentary
    [269] => Drama
    [270] => Erotic
    [271] => Family and Child
    [272] => Fantasy
    [273] => History
    [274] => Horror
    [275] => Music
    [276] => Musical
    [277] => Romantic
    [278] => Science Fiction
    [279] => Thriller
    [280] => War
    [281] => Western
    [282] => Food and drink
    [283] => Beers
    [284] => Champagne
    [285] => Confectionery
    [286] => Restaurants
    [287] => Spirits
    [288] => Vitamnins and supplements
    [289] => Wine
    [290] => Dessert wine
    [291] => Other wine
    [292] => Red wine
    [293] => Rosé wine
    [294] => Sparkling wine
    [295] => White wine
    [296] => Gifts
    [297] => Adult gifts
    [298] => Anniversary gifts
    [299] => Birthday gifts
    [300] => Charitable Gifts
    [301] => Chocolate
    [302] => Experiences
    [303] => Flowers
    [304] => Gadgets
    [305] => Gifts for kids
    [306] => Gifts for men
    [307] => Gifts for women
    [308] => Gourmet gifts
    [309] => Wedding gifts
    [310] => Hardware and software
    [311] => Broadband and ISPs
    [312] => Cases
    [313] => Computer accessories
    [314] => Graphical tablet
    [315] => Joystick
    [316] => Keyboard
    [317] => Laptop accessories
    [318] => Mouse
    [319] => Webcam
    [320] => Controller cards
    [321] => Desktops
    [322] => Graphic cards
    [323] => Hard drives
    [324] => Hosting
    [325] => Input devices
    [326] => Laptops
    [327] => Memory
    [328] => Modems
    [329] => Monitors
    [330] => Motherboards
    [331] => Netbooks
    [332] => Networking
    [333] => PDAs
    [334] => Power
    [335] => Printers
    [336] => Processors
    [337] => Scanners
    [338] => Security
    [339] => Servers
    [340] => Server accessories
    [341] => Software
    [342] => Sound cards
    [343] => Storage
    [344] => Blankmedia
    [345] => CD writers
    [346] => CD-rom drives
    [347] => DAT drives
    [348] => DVD drives
    [349] => DVD writers
    [350] => Disc drives
    [351] => Floppy
    [352] => Optical drives
    [353] => Portable storage
    [354] => Tape drives
    [355] => Zip drives
    [356] => Tablets
    [357] => USB Devices
    [358] => Utilities
    [359] => Videogames
    [360] => Health and beauty
    [361] => Bodycare
    [362] => Disability Aids
    [363] => Health Accessories
    [364] => Mobility Aids
    [365] => Contact lenses
    [366] => Cosmetics
    [367] => Diet
    [368] => Erotic
    [369] => Fitness equipment
    [370] => Haircare
    [371] => Shaving machines
    [372] => Health and safety
    [373] => Alarms and detectors
    [374] => Biohazard
    [375] => First Aid
    [376] => PPE
    [377] => Signage
    [378] => Spill control
    [379] => Storage
    [380] => Home and garden
    [381] => Baby and toddler
    [382] => Bathroom
    [383] => Bathing Aids
    [384] => Bedroom
    [385] => Cleaning Products
    [386] => DIY
    [387] => DIY accessories
    [388] => Decorating
    [389] => Electrical
    [390] => Hand tools
    [391] => Nails and screws
    [392] => Plumbing
    [393] => Power tools
    [394] => Flooring
    [395] => Furniture
    [396] => Chairs
    [397] => Tables
    [398] => Garden and leisure
    [399] => Garden accessories
    [400] => Garden furniture
    [401] => Garden leisure
    [402] => Garden tools
    [403] => Garden flowers
    [404] => Gas and electricity
    [405] => Heating and cooling
    [406] => Home accessories
    [407] => Home security
    [408] => Household appliances
    [409] => Can openers
    [410] => Cookers
    [411] => Dishwashers
    [412] => Electric shavers
    [413] => Freezers
    [414] => Fridge freezes
    [415] => Fridges
    [416] => Grills
    [417] => Microwaves
    [418] => Ovens
    [419] => Small appliances
    [420] => Tumble dryers
    [421] => Vacuum cleaners
    [422] => Washer dryers
    [423] => Washing machines
    [424] => Kitchen
    [425] => Accessories
    [426] => Bar ware
    [427] => Crockery
    [428] => Linen
    [429] => Pots and pans
    [430] => Storage
    [431] => Utensils
    [432] => Lighting
    [433] => Pets
    [434] => Seasonal
    [435] => Money and finance
    [436] => Finance and loans
    [437] => Credit cards
    [438] => Home loans
    [439] => Personal loans
    [440] => Secured loans
    [441] => Unsecured loans
    [442] => Insurance
    [443] => Health insurance
    [444] => Home insurnace
    [445] => Life insurance
    [446] => Investments
    [447] => Pension
    [448] => Music
    [449] => CDs
    [450] => Children
    [451] => Christmas
    [452] => Classical
    [453] => Country
    [454] => Dance
    [455] => Ethnic
    [456] => Flamenco
    [457] => Indie
    [458] => Jazz and Blues
    [459] => O.S.T.
    [460] => Pop
    [461] => Rap - Hip Hop
    [462] => Rock
    [463] => Soul and Funk
    [464] => Vocalists
    [465] => Concert tickets
    [466] => MP3
    [467] => Alternative
    [468] => Audiobook
    [469] => Chanson
    [470] => Classic
    [471] => Comedy
    [472] => Country
    [473] => Dance - Electronic
    [474] => HipHop - RnB
    [475] => Jazz
    [476] => Metal
    [477] => Pop
    [478] => Reggae
    [479] => Rock
    [480] => Soul - Funk
    [481] => TV - Movie
    [482] => World
    [483] => Musical instuments
    [484] => Office
    [485] => Business machines
    [486] => Calenders and organisers
    [487] => Desktop accessories
    [488] => Envelops and post room
    [489] => Files and storage
    [490] => Labels and badges
    [491] => Office furniture
    [492] => Paper and books
    [493] => Pens and writing instruments
    [494] => Presentation and conference
    [495] => Toners and cartridges
    [496] => Photography
    [497] => Albums
    [498] => Personalized Products
    [499] => Postcards and Pictures
    [500] => Prints and Packs
    [501] => Posters
    [502] => Animals
    [503] => Architecture
    [504] => Celebrities
    [505] => Entertainment
    [506] => World Cultures
    [507] => Real Estate
    [508] => For rent
    [509] => For sale
    [510] => Public sale
    [511] => Special offers
    [512] => Sports
    [513] => Accessories
    [514] => Athletics
    [515] => Basketball
    [516] => Cycling
    [517] => Fitness
    [518] => Football
    [519] => World Cup 2006
    [520] => Golf
    [521] => Gymnastics
    [522] => Hunting and Fishing
    [523] => Leisure
    [524] => Mountain and Camping
    [525] => Skates
    [526] => Snow
    [527] => Sport shoes
    [528] => Tennis
    [529] => Tickets
    [530] => Water
    [531] => Top sellers
    [532] => Travel
    [533] => Activities
    [534] => Car hire
    [535] => Cruises
    [536] => Flights
    [537] => Holidays
    [538] => Hotels
    [539] => Last minute
    [540] => Train tickets
    [541] => Travel accessories
    [542] => Un-categorised
)
